{"D:\\Google Keep\\src\\App.js": {"path":"D:\\Google Keep\\src\\App.js","statementMap":{"0":{"start":{"line":13,"column":44},"end":{"line":13,"column":59}},"1":{"start":{"line":14,"column":42},"end":{"line":14,"column":54}},"2":{"start":{"line":15,"column":30},"end":{"line":15,"column":42}},"3":{"start":{"line":16,"column":21},"end":{"line":16,"column":34}},"4":{"start":{"line":17,"column":18},"end":{"line":17,"column":51}},"5":{"start":{"line":17,"column":39},"end":{"line":17,"column":50}},"6":{"start":{"line":18,"column":26},"end":{"line":18,"column":80}},"7":{"start":{"line":18,"column":47},"end":{"line":18,"column":79}},"8":{"start":{"line":20,"column":30},"end":{"line":22,"column":5}},"9":{"start":{"line":21,"column":8},"end":{"line":21,"column":33}},"10":{"start":{"line":24,"column":27},"end":{"line":30,"column":5}},"11":{"start":{"line":25,"column":8},"end":{"line":29,"column":9}},"12":{"start":{"line":26,"column":23},"end":{"line":26,"column":27}},"13":{"start":{"line":27,"column":12},"end":{"line":27,"column":86}},"14":{"start":{"line":28,"column":12},"end":{"line":28,"column":25}},"15":{"start":{"line":32,"column":4},"end":{"line":60,"column":6}},"16":{"start":{"line":50,"column":28},"end":{"line":53,"column":30}}},"fnMap":{"0":{"name":"App","decl":{"start":{"line":11,"column":24},"end":{"line":11,"column":27}},"loc":{"start":{"line":11,"column":30},"end":{"line":61,"column":1}},"line":11},"1":{"name":"(anonymous_1)","decl":{"start":{"line":17,"column":30},"end":{"line":17,"column":31}},"loc":{"start":{"line":17,"column":39},"end":{"line":17,"column":50}},"line":17},"2":{"name":"(anonymous_2)","decl":{"start":{"line":18,"column":39},"end":{"line":18,"column":40}},"loc":{"start":{"line":18,"column":47},"end":{"line":18,"column":79}},"line":18},"3":{"name":"(anonymous_3)","decl":{"start":{"line":20,"column":30},"end":{"line":20,"column":31}},"loc":{"start":{"line":20,"column":37},"end":{"line":22,"column":5}},"line":20},"4":{"name":"(anonymous_4)","decl":{"start":{"line":24,"column":27},"end":{"line":24,"column":28}},"loc":{"start":{"line":24,"column":34},"end":{"line":30,"column":5}},"line":24},"5":{"name":"(anonymous_5)","decl":{"start":{"line":49,"column":43},"end":{"line":49,"column":44}},"loc":{"start":{"line":50,"column":28},"end":{"line":53,"column":30}},"line":50}},"branchMap":{"0":{"loc":{"start":{"line":25,"column":8},"end":{"line":29,"column":9}},"type":"if","locations":[{"start":{"line":25,"column":8},"end":{"line":29,"column":9}},{"start":{},"end":{}}],"line":25},"1":{"loc":{"start":{"line":25,"column":12},"end":{"line":25,"column":49}},"type":"binary-expr","locations":[{"start":{"line":25,"column":12},"end":{"line":25,"column":29}},{"start":{"line":25,"column":33},"end":{"line":25,"column":49}}],"line":25},"2":{"loc":{"start":{"line":47,"column":21},"end":{"line":47,"column":104}},"type":"binary-expr","locations":[{"start":{"line":47,"column":21},"end":{"line":47,"column":47}},{"start":{"line":47,"column":51},"end":{"line":47,"column":104}}],"line":47},"3":{"loc":{"start":{"line":48,"column":21},"end":{"line":55,"column":26}},"type":"binary-expr","locations":[{"start":{"line":48,"column":21},"end":{"line":48,"column":47}},{"start":{"line":48,"column":51},"end":{"line":55,"column":26}}],"line":48}},"s":{"0":1,"1":1,"2":1,"3":1,"4":1,"5":2,"6":1,"7":0,"8":1,"9":0,"10":1,"11":0,"12":0,"13":0,"14":0,"15":1,"16":0},"f":{"0":1,"1":2,"2":0,"3":0,"4":0,"5":0},"b":{"0":[0,0],"1":[0,0],"2":[1,1],"3":[1,0]},"_coverageSchema":"1a1c01bbd47fc00a2c39e90264f33305004495a9","hash":"f36f4ba0e928454f60937e247248476841ccb894"}
,"D:\\Google Keep\\src\\index.js": {"path":"D:\\Google Keep\\src\\index.js","statementMap":{"0":{"start":{"line":8,"column":11},"end":{"line":8,"column":42}},"1":{"start":{"line":9,"column":0},"end":{"line":9,"column":68}}},"fnMap":{},"branchMap":{},"s":{"0":0,"1":0},"f":{},"b":{}}
,"D:\\Google Keep\\src\\components\\Header\\Header.jsx": {"path":"D:\\Google Keep\\src\\components\\Header\\Header.jsx","statementMap":{"0":{"start":{"line":10,"column":4},"end":{"line":31,"column":6}},"1":{"start":{"line":13,"column":55},"end":{"line":13,"column":77}},"2":{"start":{"line":13,"column":71},"end":{"line":13,"column":76}},"3":{"start":{"line":22,"column":85},"end":{"line":22,"column":115}}},"fnMap":{"0":{"name":"Header","decl":{"start":{"line":9,"column":24},"end":{"line":9,"column":30}},"loc":{"start":{"line":9,"column":73},"end":{"line":32,"column":1}},"line":9},"1":{"name":"(anonymous_1)","decl":{"start":{"line":13,"column":49},"end":{"line":13,"column":50}},"loc":{"start":{"line":13,"column":55},"end":{"line":13,"column":77}},"line":13},"2":{"name":"(anonymous_2)","decl":{"start":{"line":13,"column":63},"end":{"line":13,"column":64}},"loc":{"start":{"line":13,"column":71},"end":{"line":13,"column":76}},"line":13},"3":{"name":"(anonymous_3)","decl":{"start":{"line":22,"column":78},"end":{"line":22,"column":79}},"loc":{"start":{"line":22,"column":85},"end":{"line":22,"column":115}},"line":22}},"branchMap":{},"s":{"0":1,"1":0,"2":0,"3":0},"f":{"0":1,"1":0,"2":0,"3":0},"b":{},"_coverageSchema":"1a1c01bbd47fc00a2c39e90264f33305004495a9","hash":"240762abafbced8d429cd7624edf7bb792a291cc"}
,"D:\\Google Keep\\src\\components\\SideBar\\SideBar.jsx": {"path":"D:\\Google Keep\\src\\components\\SideBar\\SideBar.jsx","statementMap":{"0":{"start":{"line":11,"column":40},"end":{"line":11,"column":55}},"1":{"start":{"line":13,"column":23},"end":{"line":13,"column":41}},"2":{"start":{"line":15,"column":4},"end":{"line":42,"column":6}},"3":{"start":{"line":18,"column":32},"end":{"line":18,"column":51}},"4":{"start":{"line":19,"column":32},"end":{"line":19,"column":52}}},"fnMap":{"0":{"name":"SideBar","decl":{"start":{"line":9,"column":24},"end":{"line":9,"column":31}},"loc":{"start":{"line":9,"column":42},"end":{"line":43,"column":1}},"line":9},"1":{"name":"(anonymous_1)","decl":{"start":{"line":18,"column":26},"end":{"line":18,"column":27}},"loc":{"start":{"line":18,"column":32},"end":{"line":18,"column":51}},"line":18},"2":{"name":"(anonymous_2)","decl":{"start":{"line":19,"column":26},"end":{"line":19,"column":27}},"loc":{"start":{"line":19,"column":32},"end":{"line":19,"column":52}},"line":19}},"branchMap":{"0":{"loc":{"start":{"line":13,"column":23},"end":{"line":13,"column":41}},"type":"binary-expr","locations":[{"start":{"line":13,"column":23},"end":{"line":13,"column":27}},{"start":{"line":13,"column":31},"end":{"line":13,"column":41}}],"line":13},"1":{"loc":{"start":{"line":17,"column":23},"end":{"line":17,"column":64}},"type":"cond-expr","locations":[{"start":{"line":17,"column":30},"end":{"line":17,"column":52}},{"start":{"line":17,"column":55},"end":{"line":17,"column":64}}],"line":17},"2":{"loc":{"start":{"line":23,"column":17},"end":{"line":23,"column":49}},"type":"binary-expr","locations":[{"start":{"line":23,"column":17},"end":{"line":23,"column":27}},{"start":{"line":23,"column":31},"end":{"line":23,"column":49}}],"line":23},"3":{"loc":{"start":{"line":27,"column":17},"end":{"line":27,"column":53}},"type":"binary-expr","locations":[{"start":{"line":27,"column":17},"end":{"line":27,"column":27}},{"start":{"line":27,"column":31},"end":{"line":27,"column":53}}],"line":27},"4":{"loc":{"start":{"line":31,"column":17},"end":{"line":31,"column":55}},"type":"binary-expr","locations":[{"start":{"line":31,"column":17},"end":{"line":31,"column":27}},{"start":{"line":31,"column":31},"end":{"line":31,"column":55}}],"line":31},"5":{"loc":{"start":{"line":35,"column":17},"end":{"line":35,"column":51}},"type":"binary-expr","locations":[{"start":{"line":35,"column":17},"end":{"line":35,"column":27}},{"start":{"line":35,"column":31},"end":{"line":35,"column":51}}],"line":35},"6":{"loc":{"start":{"line":39,"column":17},"end":{"line":39,"column":49}},"type":"binary-expr","locations":[{"start":{"line":39,"column":17},"end":{"line":39,"column":27}},{"start":{"line":39,"column":31},"end":{"line":39,"column":49}}],"line":39}},"s":{"0":1,"1":1,"2":1,"3":0,"4":0},"f":{"0":1,"1":0,"2":0},"b":{"0":[1,1],"1":[0,1],"2":[1,0],"3":[1,0],"4":[1,0],"5":[1,0],"6":[1,0]},"_coverageSchema":"1a1c01bbd47fc00a2c39e90264f33305004495a9","hash":"d44c32e87e220975a3e9189aff8685f2b01d071b"}
,"D:\\Google Keep\\src\\components\\TitleInput\\TitleInput.jsx": {"path":"D:\\Google Keep\\src\\components\\TitleInput\\TitleInput.jsx","statementMap":{"0":{"start":{"line":2,"column":4},"end":{"line":11,"column":6}}},"fnMap":{"0":{"name":"TitleInput","decl":{"start":{"line":1,"column":24},"end":{"line":1,"column":34}},"loc":{"start":{"line":1,"column":81},"end":{"line":12,"column":1}},"line":1}},"branchMap":{},"s":{"0":1},"f":{"0":1},"b":{},"_coverageSchema":"1a1c01bbd47fc00a2c39e90264f33305004495a9","hash":"4ba19e37ff1f6a13c4897ce755bf867e515134b9"}
,"D:\\Google Keep\\src\\components\\UI\\ImageButton\\ImageButton.js": {"path":"D:\\Google Keep\\src\\components\\UI\\ImageButton\\ImageButton.js","statementMap":{"0":{"start":{"line":3,"column":18},"end":{"line":7,"column":5}},"1":{"start":{"line":9,"column":4},"end":{"line":13,"column":6}},"2":{"start":{"line":16,"column":0},"end":{"line":20,"column":2}}},"fnMap":{"0":{"name":"ImageButton","decl":{"start":{"line":1,"column":24},"end":{"line":1,"column":35}},"loc":{"start":{"line":1,"column":81},"end":{"line":14,"column":1}},"line":1}},"branchMap":{},"s":{"0":9,"1":9,"2":1},"f":{"0":9},"b":{},"_coverageSchema":"1a1c01bbd47fc00a2c39e90264f33305004495a9","hash":"55a796b92ab69409e6ba52f4a1f8800f2df4d67e"}
,"D:\\Google Keep\\src\\components\\UI\\ListBox\\ListBox.js": {"path":"D:\\Google Keep\\src\\components\\UI\\ListBox\\ListBox.js","statementMap":{"0":{"start":{"line":7,"column":21},"end":{"line":7,"column":34}},"1":{"start":{"line":8,"column":18},"end":{"line":8,"column":51}},"2":{"start":{"line":8,"column":39},"end":{"line":8,"column":50}},"3":{"start":{"line":9,"column":24},"end":{"line":9,"column":63}},"4":{"start":{"line":9,"column":45},"end":{"line":9,"column":59}},"5":{"start":{"line":10,"column":34},"end":{"line":10,"column":49}},"6":{"start":{"line":12,"column":25},"end":{"line":17,"column":5}},"7":{"start":{"line":13,"column":8},"end":{"line":13,"column":25}},"8":{"start":{"line":14,"column":8},"end":{"line":16,"column":16}},"9":{"start":{"line":15,"column":12},"end":{"line":15,"column":50}},"10":{"start":{"line":20,"column":30},"end":{"line":28,"column":5}},"11":{"start":{"line":21,"column":8},"end":{"line":27,"column":11}},"12":{"start":{"line":30,"column":36},"end":{"line":38,"column":5}},"13":{"start":{"line":31,"column":8},"end":{"line":37,"column":11}},"14":{"start":{"line":40,"column":4},"end":{"line":59,"column":6}}},"fnMap":{"0":{"name":"ListBox","decl":{"start":{"line":6,"column":24},"end":{"line":6,"column":31}},"loc":{"start":{"line":6,"column":40},"end":{"line":60,"column":1}},"line":6},"1":{"name":"(anonymous_1)","decl":{"start":{"line":8,"column":30},"end":{"line":8,"column":31}},"loc":{"start":{"line":8,"column":39},"end":{"line":8,"column":50}},"line":8},"2":{"name":"(anonymous_2)","decl":{"start":{"line":9,"column":37},"end":{"line":9,"column":38}},"loc":{"start":{"line":9,"column":45},"end":{"line":9,"column":59}},"line":9},"3":{"name":"(anonymous_3)","decl":{"start":{"line":12,"column":25},"end":{"line":12,"column":26}},"loc":{"start":{"line":12,"column":31},"end":{"line":17,"column":5}},"line":12},"4":{"name":"(anonymous_4)","decl":{"start":{"line":14,"column":19},"end":{"line":14,"column":20}},"loc":{"start":{"line":14,"column":25},"end":{"line":16,"column":9}},"line":14},"5":{"name":"(anonymous_5)","decl":{"start":{"line":20,"column":30},"end":{"line":20,"column":31}},"loc":{"start":{"line":20,"column":37},"end":{"line":28,"column":5}},"line":20},"6":{"name":"(anonymous_6)","decl":{"start":{"line":30,"column":36},"end":{"line":30,"column":37}},"loc":{"start":{"line":30,"column":43},"end":{"line":38,"column":5}},"line":30}},"branchMap":{"0":{"loc":{"start":{"line":41,"column":24},"end":{"line":41,"column":62}},"type":"cond-expr","locations":[{"start":{"line":41,"column":34},"end":{"line":41,"column":50}},{"start":{"line":41,"column":53},"end":{"line":41,"column":62}}],"line":41}},"s":{"0":0,"1":0,"2":0,"3":0,"4":0,"5":0,"6":0,"7":0,"8":0,"9":0,"10":0,"11":0,"12":0,"13":0,"14":0},"f":{"0":0,"1":0,"2":0,"3":0,"4":0,"5":0,"6":0},"b":{"0":[0,0]},"_coverageSchema":"1a1c01bbd47fc00a2c39e90264f33305004495a9","hash":"0bc3e9c95c456d8ebf68acbf9cee90c47cf85a03"}
,"D:\\Google Keep\\src\\store\\index.js": {"path":"D:\\Google Keep\\src\\store\\index.js","statementMap":{"0":{"start":{"line":3,"column":19},"end":{"line":30,"column":2}},"1":{"start":{"line":8,"column":12},"end":{"line":8,"column":48}},"2":{"start":{"line":11,"column":29},"end":{"line":11,"column":49}},"3":{"start":{"line":12,"column":29},"end":{"line":12,"column":80}},"4":{"start":{"line":12,"column":53},"end":{"line":12,"column":79}},"5":{"start":{"line":13,"column":12},"end":{"line":13,"column":35}},"6":{"start":{"line":16,"column":26},"end":{"line":16,"column":54}},"7":{"start":{"line":17,"column":12},"end":{"line":26,"column":15}},"8":{"start":{"line":18,"column":16},"end":{"line":25,"column":17}},"9":{"start":{"line":19,"column":34},"end":{"line":19,"column":38}},"10":{"start":{"line":20,"column":34},"end":{"line":23,"column":21}},"11":{"start":{"line":24,"column":20},"end":{"line":24,"column":64}},"12":{"start":{"line":27,"column":12},"end":{"line":27,"column":30}},"13":{"start":{"line":32,"column":14},"end":{"line":34,"column":2}},"14":{"start":{"line":36,"column":28},"end":{"line":36,"column":46}}},"fnMap":{"0":{"name":"(anonymous_0)","decl":{"start":{"line":7,"column":8},"end":{"line":7,"column":9}},"loc":{"start":{"line":7,"column":31},"end":{"line":9,"column":9}},"line":7},"1":{"name":"(anonymous_1)","decl":{"start":{"line":10,"column":8},"end":{"line":10,"column":9}},"loc":{"start":{"line":10,"column":34},"end":{"line":14,"column":9}},"line":10},"2":{"name":"(anonymous_2)","decl":{"start":{"line":12,"column":45},"end":{"line":12,"column":46}},"loc":{"start":{"line":12,"column":53},"end":{"line":12,"column":79}},"line":12},"3":{"name":"(anonymous_3)","decl":{"start":{"line":15,"column":8},"end":{"line":15,"column":9}},"loc":{"start":{"line":15,"column":32},"end":{"line":28,"column":9}},"line":15},"4":{"name":"(anonymous_4)","decl":{"start":{"line":17,"column":26},"end":{"line":17,"column":27}},"loc":{"start":{"line":17,"column":33},"end":{"line":26,"column":13}},"line":17}},"branchMap":{"0":{"loc":{"start":{"line":18,"column":16},"end":{"line":25,"column":17}},"type":"if","locations":[{"start":{"line":18,"column":16},"end":{"line":25,"column":17}},{"start":{},"end":{}}],"line":18}},"s":{"0":1,"1":0,"2":0,"3":0,"4":0,"5":0,"6":0,"7":0,"8":0,"9":0,"10":0,"11":0,"12":0,"13":1,"14":1},"f":{"0":0,"1":0,"2":0,"3":0,"4":0},"b":{"0":[0,0]},"_coverageSchema":"1a1c01bbd47fc00a2c39e90264f33305004495a9","hash":"ae42450a2b6a429908f404460d16413117a303ae"}
}
