TN:
SF:src\App.js
FN:11,App
FN:17,(anonymous_1)
FN:18,(anonymous_2)
FN:20,(anonymous_3)
FN:24,(anonymous_4)
FN:49,(anonymous_5)
FNF:6
FNH:2
FNDA:1,App
FNDA:2,(anonymous_1)
FNDA:0,(anonymous_2)
FNDA:0,(anonymous_3)
FNDA:0,(anonymous_4)
FNDA:0,(anonymous_5)
DA:13,1
DA:14,1
DA:15,1
DA:16,1
DA:17,2
DA:18,1
DA:20,1
DA:21,0
DA:24,1
DA:25,0
DA:26,0
DA:27,0
DA:28,0
DA:32,1
DA:50,0
LF:15
LH:9
BRDA:25,0,0,0
BRDA:25,0,1,0
BRDA:25,1,0,0
BRDA:25,1,1,0
BRDA:47,2,0,1
BRDA:47,2,1,1
BRDA:48,3,0,1
BRDA:48,3,1,0
BRF:8
BRH:3
end_of_record
TN:
SF:src\index.js
FNF:0
FNH:0
DA:8,0
DA:9,0
LF:2
LH:0
BRF:0
BRH:0
end_of_record
TN:
SF:src\components\Header\Header.jsx
FN:9,Header
FN:13,(anonymous_1)
FN:13,(anonymous_2)
FN:22,(anonymous_3)
FNF:4
FNH:1
FNDA:1,Header
FNDA:0,(anonymous_1)
FNDA:0,(anonymous_2)
FNDA:0,(anonymous_3)
DA:10,1
DA:13,0
DA:22,0
LF:3
LH:1
BRF:0
BRH:0
end_of_record
TN:
SF:src\components\SideBar\SideBar.jsx
FN:9,SideBar
FN:18,(anonymous_1)
FN:19,(anonymous_2)
FNF:3
FNH:1
FNDA:1,SideBar
FNDA:0,(anonymous_1)
FNDA:0,(anonymous_2)
DA:11,1
DA:13,1
DA:15,1
DA:18,0
DA:19,0
LF:5
LH:3
BRDA:13,0,0,1
BRDA:13,0,1,1
BRDA:17,1,0,0
BRDA:17,1,1,1
BRDA:23,2,0,1
BRDA:23,2,1,0
BRDA:27,3,0,1
BRDA:27,3,1,0
BRDA:31,4,0,1
BRDA:31,4,1,0
BRDA:35,5,0,1
BRDA:35,5,1,0
BRDA:39,6,0,1
BRDA:39,6,1,0
BRF:14
BRH:8
end_of_record
TN:
SF:src\components\TitleInput\TitleInput.jsx
FN:1,TitleInput
FNF:1
FNH:1
FNDA:1,TitleInput
DA:2,1
LF:1
LH:1
BRF:0
BRH:0
end_of_record
TN:
SF:src\components\UI\ImageButton\ImageButton.js
FN:1,ImageButton
FNF:1
FNH:1
FNDA:9,ImageButton
DA:3,9
DA:9,9
DA:16,1
LF:3
LH:3
BRF:0
BRH:0
end_of_record
TN:
SF:src\components\UI\ListBox\ListBox.js
FN:6,ListBox
FN:8,(anonymous_1)
FN:9,(anonymous_2)
FN:12,(anonymous_3)
FN:14,(anonymous_4)
FN:20,(anonymous_5)
FN:30,(anonymous_6)
FNF:7
FNH:0
FNDA:0,ListBox
FNDA:0,(anonymous_1)
FNDA:0,(anonymous_2)
FNDA:0,(anonymous_3)
FNDA:0,(anonymous_4)
FNDA:0,(anonymous_5)
FNDA:0,(anonymous_6)
DA:7,0
DA:8,0
DA:9,0
DA:10,0
DA:12,0
DA:13,0
DA:14,0
DA:15,0
DA:20,0
DA:21,0
DA:30,0
DA:31,0
DA:40,0
LF:13
LH:0
BRDA:41,0,0,0
BRDA:41,0,1,0
BRF:2
BRH:0
end_of_record
TN:
SF:src\store\index.js
FN:7,(anonymous_0)
FN:10,(anonymous_1)
FN:12,(anonymous_2)
FN:15,(anonymous_3)
FN:17,(anonymous_4)
FNF:5
FNH:0
FNDA:0,(anonymous_0)
FNDA:0,(anonymous_1)
FNDA:0,(anonymous_2)
FNDA:0,(anonymous_3)
FNDA:0,(anonymous_4)
DA:3,1
DA:8,0
DA:11,0
DA:12,0
DA:13,0
DA:16,0
DA:17,0
DA:18,0
DA:19,0
DA:20,0
DA:24,0
DA:27,0
DA:32,1
DA:36,1
LF:14
LH:3
BRDA:18,0,0,0
BRDA:18,0,1,0
BRF:2
BRH:0
end_of_record
